<?xml version="1.0" encoding="UTF-8"?>
<!-- Generated by org.testng.reporters.JUnitXMLReporter -->
<testsuite ignored="0" hostname="LAPTOP-BHK6GBNA" failures="0" tests="11" name="DummyAPI Test" time="9.943" errors="0" timestamp="2024-05-04T19:35:19 WIB">
  <testcase classname="com.restassured.dummyapi.DummyApiTests" name="testUpdateUserWithInvalidAppId" time="2.477"/>
  <testcase classname="com.restassured.dummyapi.GetUserByIdApiTests" name="testGetUserByAppIdNotFilled" time="0.809"/>
  <testcase classname="com.restassured.dummyapi.GetUserByIdApiTests" name="testGetUserByInvalidAppId" time="0.932"/>
  <testcase classname="com.restassured.dummyapi.GetUserByIdApiTests" name="testGetUserByInvalidUserId" time="0.658"/>
  <testcase classname="com.restassured.dummyapi.GetUserByIdApiTests" name="testGetUserByValidUserAndAppId" time="0.597"/>
  <testcase classname="com.restassured.dummyapi.GetUserByIdApiTests" name="testGetUserByValidUserIdbutUnregistered" time="1.121"/>
  <testcase classname="com.restassured.dummyapi.DeleteUserApiTests" name="testDeleteUserWithAppIdUnregistered" time="0.559"/>
  <testcase classname="com.restassured.dummyapi.DeleteUserApiTests" name="testDeleteUserWithInvalidAppId" time="0.88"/>
  <testcase classname="com.restassured.dummyapi.DeleteUserApiTests" name="testDeleteUserWithValidUserAndAppId" time="0.49"/>
  <testcase classname="com.restassured.dummyapi.DeleteUserApiTests" name="testDeleteUserWithValidUserIdbutUnregistered" time="0.501"/>
  <testcase classname="com.restassured.dummyapi.DeleteUserApiTests" name="testDeleteUserWithdAppIdNotFilled" time="0.873"/>
</testsuite> <!-- DummyAPI Test -->
