<?xml version="1.0" encoding="UTF-8"?>
<testsuite xmlns:xsi="http://www.w3.org/2001/XMLSchema-instance" xsi:noNamespaceSchemaLocation="https://maven.apache.org/surefire/maven-surefire-plugin/xsd/surefire-test-report-3.0.xsd" version="3.0" name="TestSuite" time="10.652" tests="11" errors="0" skipped="0" failures="0">
  <properties>
[...]
</properties>
  <testcase name="testUpdateUserWithInvalidAppId" classname="com.restassured.dummyapi.DummyApiTests" time="2.472">
    <system-out><![CDATA[2024-05-04 19:35:08,800 DEBUG [main] o.t.TestNG - suiteXmlPath: "c:\Users\Lenovo\Documents\KULIAH POLBAN\SEMESTER 6\SOFTWARE TESTING\TUGAS WEEK 10 - API TESTING\B11 - Automation API Testing\b11-rest-assured-dummy-api\src\test\resources\testng.xml"
2024-05-04 19:35:09,008 DEBUG [main] o.t.i.Graph - [Graph] ADDING NODE DummyApiTests.testUpdateUserWithInvalidAppId()[pri:0, instance:com.restassured.dummyapi.DummyApiTests@3246fb96] -427384893
2024-05-04 19:35:09,008 DEBUG [main] o.t.i.Graph - [Graph] ADDING NODE GetUserByIdApiTests.testGetUserByValidUserIdbutUnregistered()[pri:0, instance:com.restassured.dummyapi.GetUserByIdApiTests@3e6ef8ad] 484240670
2024-05-04 19:35:09,008 DEBUG [main] o.t.i.Graph - [Graph] ADDING NODE GetUserByIdApiTests.testGetUserByAppIdNotFilled()[pri:0, instance:com.restassured.dummyapi.GetUserByIdApiTests@3e6ef8ad] 412941727
2024-05-04 19:35:09,008 DEBUG [main] o.t.i.Graph - [Graph] ADDING NODE GetUserByIdApiTests.testGetUserByValidUserAndAppId()[pri:0, instance:com.restassured.dummyapi.GetUserByIdApiTests@3e6ef8ad] 4362936
2024-05-04 19:35:09,008 DEBUG [main] o.t.i.Graph - [Graph] ADDING NODE GetUserByIdApiTests.testGetUserByInvalidUserId()[pri:0, instance:com.restassured.dummyapi.GetUserByIdApiTests@3e6ef8ad] 135569767
2024-05-04 19:35:09,010 DEBUG [main] o.t.i.Graph - [Graph] ADDING NODE GetUserByIdApiTests.testGetUserByInvalidAppId()[pri:0, instance:com.restassured.dummyapi.GetUserByIdApiTests@3e6ef8ad] 119679475
2024-05-04 19:35:09,010 DEBUG [main] o.t.i.Graph - [Graph] ADDING NODE DeleteUserApiTests.testDeleteUserWithAppIdUnregistered()[pri:0, instance:com.restassured.dummyapi.DeleteUserApiTests@346d61be] -1030914447
2024-05-04 19:35:09,010 DEBUG [main] o.t.i.Graph - [Graph] ADDING NODE DeleteUserApiTests.testDeleteUserWithValidUserAndAppId()[pri:0, instance:com.restassured.dummyapi.DeleteUserApiTests@346d61be] 1974837990
2024-05-04 19:35:09,010 DEBUG [main] o.t.i.Graph - [Graph] ADDING NODE DeleteUserApiTests.testDeleteUserWithdAppIdNotFilled()[pri:0, instance:com.restassured.dummyapi.DeleteUserApiTests@346d61be] 1698701015
2024-05-04 19:35:09,010 DEBUG [main] o.t.i.Graph - [Graph] ADDING NODE DeleteUserApiTests.testDeleteUserWithValidUserIdbutUnregistered()[pri:0, instance:com.restassured.dummyapi.DeleteUserApiTests@346d61be] 958602480
2024-05-04 19:35:09,010 DEBUG [main] o.t.i.Graph - [Graph] ADDING NODE DeleteUserApiTests.testDeleteUserWithInvalidAppId()[pri:0, instance:com.restassured.dummyapi.DeleteUserApiTests@346d61be] 326155019
2024-05-04 19:35:09,010 DEBUG [main] o.t.i.Graph - [Graph] ================ SORTING
2024-05-04 19:35:09,010 DEBUG [main] o.t.i.Graph - [Graph] =============== DONE SORTING
2024-05-04 19:35:09,010 DEBUG [main] o.t.i.Graph - [Graph] ====== SORTED NODES
2024-05-04 19:35:09,010 DEBUG [main] o.t.i.Graph - [Graph] ====== END SORTED NODES
Complete Response Body: {"error":"APP_ID_NOT_EXIST"}
]]></system-out>
    <system-err><![CDATA[SLF4J: Class path contains multiple SLF4J bindings.
SLF4J: Found binding in [jar:file:/C:/Users/Lenovo/.m2/repository/ch/qos/logback/logback-classic/1.2.10/logback-classic-1.2.10.jar!/org/slf4j/impl/StaticLoggerBinder.class]
SLF4J: Found binding in [jar:file:/C:/Users/Lenovo/.m2/repository/org/slf4j/slf4j-log4j12/1.7.5/slf4j-log4j12-1.7.5.jar!/org/slf4j/impl/StaticLoggerBinder.class]
SLF4J: See http://www.slf4j.org/codes.html#multiple_bindings for an explanation.
SLF4J: Actual binding is of type [ch.qos.logback.classic.util.ContextSelectorStaticBinder]
log4j:WARN No appenders could be found for logger (org.apache.http.impl.conn.BasicClientConnectionManager).
log4j:WARN Please initialize the log4j system properly.
log4j:WARN See http://logging.apache.org/log4j/1.2/faq.html#noconfig for more info.
]]></system-err>
  </testcase>
  <testcase name="testGetUserByAppIdNotFilled" classname="com.restassured.dummyapi.GetUserByIdApiTests" time="0.81">
    <system-out><![CDATA[Complete Response Body: {"error":"APP_ID_MISSING"}
]]></system-out>
  </testcase>
  <testcase name="testGetUserByInvalidAppId" classname="com.restassured.dummyapi.GetUserByIdApiTests" time="0.954">
    <system-out><![CDATA[Complete Response Body: {"error":"APP_ID_NOT_EXIST"}
]]></system-out>
  </testcase>
  <testcase name="testGetUserByInvalidUserId" classname="com.restassured.dummyapi.GetUserByIdApiTests" time="0.647">
    <system-out><![CDATA[Complete Response Body: {"error":"PARAMS_NOT_VALID"}
]]></system-out>
  </testcase>
  <testcase name="testGetUserByValidUserAndAppId" classname="com.restassured.dummyapi.GetUserByIdApiTests" time="0.589">
    <system-out><![CDATA[Complete Response Body: {"id":"60d0fe4f5311236168a109cb","title":"miss","firstName":"Edita","lastName":"Vestering","picture":"https://randomuser.me/api/portraits/med/women/89.jpg","gender":"female","email":"edita.vestering@example.com","dateOfBirth":"1956-04-15T00:10:35.555Z","phone":"(019)-646-0430","location":{"street":"1371, Dilledonk-Zuid","city":"Den Bommel","state":"Gelderland","country":"Netherlands","timezone":"-5:00"},"registerDate":"2021-06-21T21:02:07.533Z","updatedDate":"2021-06-21T21:02:07.533Z"}
]]></system-out>
  </testcase>
  <testcase name="testGetUserByValidUserIdbutUnregistered" classname="com.restassured.dummyapi.GetUserByIdApiTests" time="1.121">
    <system-out><![CDATA[Complete Response Body: {"error":"RESOURCE_NOT_FOUND"}
]]></system-out>
  </testcase>
  <testcase name="testDeleteUserWithAppIdUnregistered" classname="com.restassured.dummyapi.DeleteUserApiTests" time="0.564">
    <system-out><![CDATA[Complete Response Body: {"error":"APP_ID_NOT_EXIST"}
]]></system-out>
  </testcase>
  <testcase name="testDeleteUserWithInvalidAppId" classname="com.restassured.dummyapi.DeleteUserApiTests" time="0.879">
    <system-out><![CDATA[Complete Response Body: {"error":"APP_ID_NOT_EXIST"}
]]></system-out>
  </testcase>
  <testcase name="testDeleteUserWithValidUserAndAppId" classname="com.restassured.dummyapi.DeleteUserApiTests" time="0.491">
    <system-out><![CDATA[Complete Response Body: {"id":"60d0fe4f5311236168a109cc"}
]]></system-out>
  </testcase>
  <testcase name="testDeleteUserWithValidUserIdbutUnregistered" classname="com.restassured.dummyapi.DeleteUserApiTests" time="0.51">
    <system-out><![CDATA[Complete Response Body: {"error":"RESOURCE_NOT_FOUND"}
]]></system-out>
  </testcase>
  <testcase name="testDeleteUserWithdAppIdNotFilled" classname="com.restassured.dummyapi.DeleteUserApiTests" time="0.87">
    <system-out><![CDATA[Complete Response Body: {"error":"APP_ID_MISSING"}
]]></system-out>
  </testcase>
</testsuite>