<?xml version="1.0" encoding="UTF-8"?>
<testsuite xmlns:xsi="http://www.w3.org/2001/XMLSchema-instance" xsi:noNamespaceSchemaLocation="https://maven.apache.org/surefire/maven-surefire-plugin/xsd/surefire-test-report-3.0.xsd" version="3.0" name="TestSuite" time="8.4" tests="1" errors="0" skipped="0" failures="0">
  <properties>
[...]
</properties>
  <testcase name="testUpdateUserWithInvalidAppId" classname="com.restassured.dummyapi.DummyApiTests" time="6.855">
    <system-out><![CDATA[2024-05-04 10:59:05,038 DEBUG [main] o.t.TestNG - suiteXmlPath: "d:\Documents\KULIAH\SEMESTER 6\PPL\Praktikum\W11\rest-assured-dummy-api\src\test\resources\testng.xml"
2024-05-04 10:59:05,422 DEBUG [main] o.t.i.Graph - [Graph] ADDING NODE DummyApiTests.testUpdateUserWithInvalidAppId()[pri:0, instance:com.restassured.dummyapi.DummyApiTests@13b13b5d] -940515446
2024-05-04 10:59:05,423 DEBUG [main] o.t.i.Graph - [Graph] ================ SORTING
2024-05-04 10:59:05,428 DEBUG [main] o.t.i.Graph - [Graph] =============== DONE SORTING
2024-05-04 10:59:05,428 DEBUG [main] o.t.i.Graph - [Graph] ====== SORTED NODES
2024-05-04 10:59:05,428 DEBUG [main] o.t.i.Graph - [Graph] ====== END SORTED NODES
Complete Response Body: {"error":"APP_ID_NOT_EXIST"}
]]></system-out>
    <system-err><![CDATA[SLF4J: Class path contains multiple SLF4J bindings.
SLF4J: Found binding in [jar:file:/C:/Users/mferd/.m2/repository/ch/qos/logback/logback-classic/1.2.10/logback-classic-1.2.10.jar!/org/slf4j/impl/StaticLoggerBinder.class]
SLF4J: Found binding in [jar:file:/C:/Users/mferd/.m2/repository/org/slf4j/slf4j-log4j12/1.7.5/slf4j-log4j12-1.7.5.jar!/org/slf4j/impl/StaticLoggerBinder.class]
SLF4J: See http://www.slf4j.org/codes.html#multiple_bindings for an explanation.
SLF4J: Actual binding is of type [ch.qos.logback.classic.util.ContextSelectorStaticBinder]
log4j:WARN No appenders could be found for logger (org.apache.http.impl.conn.BasicClientConnectionManager).
log4j:WARN Please initialize the log4j system properly.
log4j:WARN See http://logging.apache.org/log4j/1.2/faq.html#noconfig for more info.
]]></system-err>
  </testcase>
</testsuite>