<?xml version="1.0" encoding="UTF-8"?>
<testng-results ignored="0" total="1" passed="1" failed="0" skipped="0">
  <reporter-output>
  </reporter-output>
  <suite started-at="2024-05-04T10:59:05 WIB" name="Suite" finished-at="2024-05-04T10:59:12 WIB" duration-ms="6717">
    <groups>
    </groups>
    <test started-at="2024-05-04T10:59:05 WIB" name="DummyAPI Test" finished-at="2024-05-04T10:59:12 WIB" duration-ms="6717">
      <class name="com.restassured.dummyapi.DummyApiTests">
        <test-method signature="testUpdateUserWithInvalidAppId()[pri:0, instance:com.restassured.dummyapi.DummyApiTests@13b13b5d]" started-at="2024-05-04T10:59:05 WIB" name="testUpdateUserWithInvalidAppId" finished-at="2024-05-04T10:59:12 WIB" duration-ms="6663" status="PASS">
          <reporter-output>
          </reporter-output>
        </test-method> <!-- testUpdateUserWithInvalidAppId -->
      </class> <!-- com.restassured.dummyapi.DummyApiTests -->
    </test> <!-- DummyAPI Test -->
  </suite> <!-- Suite -->
</testng-results>
